<?xml version="1.0" encoding="UTF-8"?>
<testsuite xmlns:xsi="http://www.w3.org/2001/XMLSchema-instance" xsi:noNamespaceSchemaLocation="https://maven.apache.org/surefire/maven-surefire-plugin/xsd/surefire-test-report.xsd" name="Suites.TestSuite" time="1,316.656" tests="18" errors="2" skipped="0" failures="0">
  <properties>
[...]
</properties>
  <testcase name="testCompareArticleTitle" classname="tests.ArticleTests" time="116.523"/>
  <testcase name="testSwipeArticle" classname="tests.ArticleTests" time="119.43"/>
  <testcase name="testCheckArticleTitlePresent" classname="tests.ArticleTests" time="74.695">
    <error message="An element could not be located on the page using the given search parameters.&#10;For documentation on this error, please visit: http://seleniumhq.org/exceptions/no_such_element.html&#10;Build info: version: &apos;3.12.0&apos;, revision: &apos;7c6e0b3&apos;, time: &apos;2018-05-08T14:04:26.12Z&apos;&#10;System info: host: &apos;MacBook-Pro-Denis.local&apos;, ip: &apos;fe80:0:0:0:14b3:c1a4:5368:b3fb%en0&apos;, os.name: &apos;Mac OS X&apos;, os.arch: &apos;x86_64&apos;, os.version: &apos;10.15.5&apos;, java.version: &apos;1.8.0_172&apos;&#10;Driver info: io.appium.java_client.android.AndroidDriver&#10;Capabilities {app: /Users/karma/Documents/GitH..., appActivity: .main.MainActivity, appPackage: org.wikipedia, automationName: Appium, databaseEnabled: false, desired: {app: /Users/karma/Documents/GitH..., appActivity: .main.MainActivity, appPackage: org.wikipedia, automationName: Appium, deviceName: AndroidTestDevice, orientation: PORTRAIT, platformName: android, platformVersion: 8.0}, deviceApiLevel: 26, deviceManufacturer: Google, deviceModel: Android SDK built for x86, deviceName: emulator-5554, deviceScreenDensity: 480, deviceScreenSize: 1080x1920, deviceUDID: emulator-5554, javascriptEnabled: true, locationContextEnabled: false, networkConnectionEnabled: true, orientation: PORTRAIT, pixelRatio: 3, platform: LINUX, platformName: Android, platformVersion: 8.0.0, statBarHeight: 72, takesScreenshot: true, viewportRect: {height: 1704, left: 0, top: 72, width: 1080}, warnings: {}, webStorageEnabled: false}&#10;Session ID: b7a77ea8-7f12-4369-9463-92ce8b203b0e&#10;*** Element info: {Using=id, value=org.wikipedia:id/view_page_title_text}" type="org.openqa.selenium.NoSuchElementException">org.openqa.selenium.NoSuchElementException: 
An element could not be located on the page using the given search parameters.
For documentation on this error, please visit: http://seleniumhq.org/exceptions/no_such_element.html
Build info: version: '3.12.0', revision: '7c6e0b3', time: '2018-05-08T14:04:26.12Z'
System info: host: 'MacBook-Pro-Denis.local', ip: 'fe80:0:0:0:14b3:c1a4:5368:b3fb%en0', os.name: 'Mac OS X', os.arch: 'x86_64', os.version: '10.15.5', java.version: '1.8.0_172'
Driver info: io.appium.java_client.android.AndroidDriver
Capabilities {app: /Users/karma/Documents/GitH..., appActivity: .main.MainActivity, appPackage: org.wikipedia, automationName: Appium, databaseEnabled: false, desired: {app: /Users/karma/Documents/GitH..., appActivity: .main.MainActivity, appPackage: org.wikipedia, automationName: Appium, deviceName: AndroidTestDevice, orientation: PORTRAIT, platformName: android, platformVersion: 8.0}, deviceApiLevel: 26, deviceManufacturer: Google, deviceModel: Android SDK built for x86, deviceName: emulator-5554, deviceScreenDensity: 480, deviceScreenSize: 1080x1920, deviceUDID: emulator-5554, javascriptEnabled: true, locationContextEnabled: false, networkConnectionEnabled: true, orientation: PORTRAIT, pixelRatio: 3, platform: LINUX, platformName: Android, platformVersion: 8.0.0, statBarHeight: 72, takesScreenshot: true, viewportRect: {height: 1704, left: 0, top: 72, width: 1080}, warnings: {}, webStorageEnabled: false}
Session ID: b7a77ea8-7f12-4369-9463-92ce8b203b0e
*** Element info: {Using=id, value=org.wikipedia:id/view_page_title_text}
	at tests.ArticleTests.testCheckArticleTitlePresent(ArticleTests.java:57)
</error>
    <system-out><![CDATA[By.id: org.wikipedia:id/view_page_title_text
]]></system-out>
    <system-err><![CDATA[авг 08, 2020 1:58:07 PM io.appium.java_client.remote.AppiumCommandExecutor$1 lambda$0
INFO: Detected dialect: W3C
]]></system-err>
  </testcase>
  <testcase name="testChangeScreenOrientationOnSearchResult" classname="tests.ChangeAppConditionTests" time="116.614"/>
  <testcase name="testCheckSearchArticleInBackground" classname="tests.ChangeAppConditionTests" time="96.651"/>
  <testcase name="testPassTroughWelcome" classname="tests.GetStartedTests" time="46.325"/>
  <testcase name="testSaveTwoArticleToMyListAndDeleteOneOfThem" classname="tests.MyListsTests" time="209.487">
    <error message="java.lang.IllegalArgumentException: Unable to compile &apos;Island of Indonesia&apos;. See Cause.&#10;For documentation on this error, please visit: http://seleniumhq.org/exceptions/invalid_selector_exception.html&#10;Build info: version: &apos;3.12.0&apos;, revision: &apos;7c6e0b3&apos;, time: &apos;2018-05-08T14:04:26.12Z&apos;&#10;System info: host: &apos;MacBook-Pro-Denis.local&apos;, ip: &apos;fe80:0:0:0:14b3:c1a4:5368:b3fb%en0&apos;, os.name: &apos;Mac OS X&apos;, os.arch: &apos;x86_64&apos;, os.version: &apos;10.15.5&apos;, java.version: &apos;1.8.0_172&apos;&#10;Driver info: io.appium.java_client.android.AndroidDriver&#10;Capabilities {app: /Users/karma/Documents/GitH..., appActivity: .main.MainActivity, appPackage: org.wikipedia, automationName: Appium, databaseEnabled: false, desired: {app: /Users/karma/Documents/GitH..., appActivity: .main.MainActivity, appPackage: org.wikipedia, automationName: Appium, deviceName: AndroidTestDevice, orientation: PORTRAIT, platformName: android, platformVersion: 8.0}, deviceApiLevel: 26, deviceManufacturer: Google, deviceModel: Android SDK built for x86, deviceName: emulator-5554, deviceScreenDensity: 480, deviceScreenSize: 1080x1920, deviceUDID: emulator-5554, javascriptEnabled: true, locationContextEnabled: false, networkConnectionEnabled: true, orientation: PORTRAIT, pixelRatio: 3, platform: LINUX, platformName: Android, platformVersion: 8.0.0, statBarHeight: 72, takesScreenshot: true, viewportRect: {height: 1704, left: 0, top: 72, width: 1080}, warnings: {}, webStorageEnabled: false}&#10;Session ID: 622de5ee-33d6-4797-a778-51fb5d4a7ec4&#10;*** Element info: {Using=xpath, value=Island of Indonesia}" type="org.openqa.selenium.InvalidSelectorException">org.openqa.selenium.InvalidSelectorException: 
java.lang.IllegalArgumentException: Unable to compile 'Island of Indonesia'. See Cause.
For documentation on this error, please visit: http://seleniumhq.org/exceptions/invalid_selector_exception.html
Build info: version: '3.12.0', revision: '7c6e0b3', time: '2018-05-08T14:04:26.12Z'
System info: host: 'MacBook-Pro-Denis.local', ip: 'fe80:0:0:0:14b3:c1a4:5368:b3fb%en0', os.name: 'Mac OS X', os.arch: 'x86_64', os.version: '10.15.5', java.version: '1.8.0_172'
Driver info: io.appium.java_client.android.AndroidDriver
Capabilities {app: /Users/karma/Documents/GitH..., appActivity: .main.MainActivity, appPackage: org.wikipedia, automationName: Appium, databaseEnabled: false, desired: {app: /Users/karma/Documents/GitH..., appActivity: .main.MainActivity, appPackage: org.wikipedia, automationName: Appium, deviceName: AndroidTestDevice, orientation: PORTRAIT, platformName: android, platformVersion: 8.0}, deviceApiLevel: 26, deviceManufacturer: Google, deviceModel: Android SDK built for x86, deviceName: emulator-5554, deviceScreenDensity: 480, deviceScreenSize: 1080x1920, deviceUDID: emulator-5554, javascriptEnabled: true, locationContextEnabled: false, networkConnectionEnabled: true, orientation: PORTRAIT, pixelRatio: 3, platform: LINUX, platformName: Android, platformVersion: 8.0.0, statBarHeight: 72, takesScreenshot: true, viewportRect: {height: 1704, left: 0, top: 72, width: 1080}, warnings: {}, webStorageEnabled: false}
Session ID: 622de5ee-33d6-4797-a778-51fb5d4a7ec4
*** Element info: {Using=xpath, value=Island of Indonesia}
	at tests.MyListsTests.testSaveTwoArticleToMyListAndDeleteOneOfThem(MyListsTests.java:118)
</error>
    <system-out><![CDATA[[[[io.appium.java_client.android.AndroidDriver, Capabilities: {app=/Users/karma/Documents/GitHub/JavaAppiumAutomation/apks/org.wikipedia.apk, appActivity=.main.MainActivity, appPackage=org.wikipedia, automationName=Appium, databaseEnabled=false, desired={platformName=android, app=/Users/karma/Documents/GitHub/JavaAppiumAutomation/apks/org.wikipedia.apk, appActivity=.main.MainActivity, appPackage=org.wikipedia, automationName=Appium, deviceName=AndroidTestDevice, orientation=PORTRAIT, platformVersion=8.0}, deviceApiLevel=26, deviceManufacturer=Google, deviceModel=Android SDK built for x86, deviceName=emulator-5554, deviceScreenDensity=480, deviceScreenSize=1080x1920, deviceUDID=emulator-5554, javascriptEnabled=true, locationContextEnabled=false, networkConnectionEnabled=true, orientation=PORTRAIT, pixelRatio=3, platform=LINUX, platformName=Android, platformVersion=8.0.0, statBarHeight=72, takesScreenshot=true, viewportRect={left=0, top=72, width=1080, height=1704}, warnings={}, webStorageEnabled=false}] -> xpath: //*[@text='Add to reading list']]]
Island of Indonesia
[]
xpath://android.widget.FrameLayout[@content-desc='My lists']
]]></system-out>
    <system-err><![CDATA[авг 08, 2020 2:03:39 PM io.appium.java_client.remote.AppiumCommandExecutor$1 lambda$0
INFO: Detected dialect: W3C
]]></system-err>
  </testcase>
  <testcase name="testSaveFirstArticleToMyList" classname="tests.MyListsTests" time="97.782"/>
  <testcase name="testAmountOfNotEmptySearch" classname="tests.SearchTests" time="45.728"/>
  <testcase name="testAmountOfEmptySearch" classname="tests.SearchTests" time="47.168"/>
  <testcase name="testCheckSeveralResultsAndCancelSearch" classname="tests.SearchTests" time="43.582"/>
  <testcase name="testCompareText" classname="tests.SearchTests" time="43.583"/>
  <testcase name="testCheckAmountArticlesInSearchResult" classname="tests.SearchTests" time="46.58"/>
  <testcase name="testCancelSearch" classname="tests.SearchTests" time="38.073"/>
  <testcase name="testSaveTwoArticleToMyListAndDeleteOneOfThem" classname="tests.SearchTests" time="45.478"/>
  <testcase name="testCheckSearchingWordContainsInEachResult" classname="tests.SearchTests" time="43.282"/>
  <testcase name="testCheckTitleAndDescriptionOfArticle" classname="tests.SearchTests" time="43.561"/>
  <testcase name="testSearch" classname="tests.SearchTests" time="41.808"/>
</testsuite>